2021-01-04 11:48:01.066  WARN 3816 --- [background-preinit] o.s.h.c.j.Jackson2ObjectMapperBuilder    : For Jackson Kotlin classes support please add "com.fasterxml.jackson.module:jackson-module-kotlin" to the classpath
2021-01-04 11:48:01.081 ERROR 3816 --- [main] lavalink.server.Launcher                 : Application failed

java.lang.UnsupportedClassVersionError: lavalink/server/info/AppInfo has been compiled by a more recent version of the Java Runtime (class file version 55.0), this version of the Java Runtime only recognizes class file versions up to 52.0
	at java.lang.ClassLoader.defineClass1(Native Method) ~[na:1.8.0_271]
	at java.lang.ClassLoader.defineClass(Unknown Source) ~[na:1.8.0_271]
	at java.security.SecureClassLoader.defineClass(Unknown Source) ~[na:1.8.0_271]
	at java.net.URLClassLoader.defineClass(Unknown Source) ~[na:1.8.0_271]
	at java.net.URLClassLoader.access$100(Unknown Source) ~[na:1.8.0_271]
	at java.net.URLClassLoader$1.run(Unknown Source) ~[na:1.8.0_271]
	at java.net.URLClassLoader$1.run(Unknown Source) ~[na:1.8.0_271]
	at java.security.AccessController.doPrivileged(Native Method) ~[na:1.8.0_271]
	at java.net.URLClassLoader.findClass(Unknown Source) ~[na:1.8.0_271]
	at java.lang.ClassLoader.loadClass(Unknown Source) ~[na:1.8.0_271]
	at org.springframework.boot.loader.LaunchedURLClassLoader.loadClass(LaunchedURLClassLoader.java:93) ~[Lavalink.jar:na]
	at java.lang.ClassLoader.loadClass(Unknown Source) ~[na:1.8.0_271]
	at lavalink.server.Launcher.getVersionInfo(Launcher.kt:50) [classes!/:na]
	at lavalink.server.Launcher.getVersionInfo$default(Launcher.kt:49) [classes!/:na]
	at lavalink.server.Launcher$main$1.onApplicationEvent(Launcher.kt:118) ~[classes!/:na]
	at lavalink.server.Launcher$main$1.onApplicationEvent(Launcher.kt:43) ~[classes!/:na]
	at org.springframework.context.event.SimpleApplicationEventMulticaster.doInvokeListener(SimpleApplicationEventMulticaster.java:172) ~[spring-context-5.1.9.RELEASE.jar!/:5.1.9.RELEASE]
	at org.springframework.context.event.SimpleApplicationEventMulticaster.invokeListener(SimpleApplicationEventMulticaster.java:165) ~[spring-context-5.1.9.RELEASE.jar!/:5.1.9.RELEASE]
	at org.springframework.context.event.SimpleApplicationEventMulticaster.multicastEvent(SimpleApplicationEventMulticaster.java:139) ~[spring-context-5.1.9.RELEASE.jar!/:5.1.9.RELEASE]
	at org.springframework.context.event.SimpleApplicationEventMulticaster.multicastEvent(SimpleApplicationEventMulticaster.java:127) ~[spring-context-5.1.9.RELEASE.jar!/:5.1.9.RELEASE]
	at org.springframework.boot.context.event.EventPublishingRunListener.environmentPrepared(EventPublishingRunListener.java:76) ~[spring-boot-2.1.8.RELEASE.jar!/:2.1.8.RELEASE]
	at org.springframework.boot.SpringApplicationRunListeners.environmentPrepared(SpringApplicationRunListeners.java:53) ~[spring-boot-2.1.8.RELEASE.jar!/:2.1.8.RELEASE]
	at org.springframework.boot.SpringApplication.prepareEnvironment(SpringApplication.java:342) ~[spring-boot-2.1.8.RELEASE.jar!/:2.1.8.RELEASE]
	at org.springframework.boot.SpringApplication.run(SpringApplication.java:305) ~[spring-boot-2.1.8.RELEASE.jar!/:2.1.8.RELEASE]
	at lavalink.server.Launcher.main(Launcher.kt:127) [classes!/:na]
	at sun.reflect.NativeMethodAccessorImpl.invoke0(Native Method) ~[na:1.8.0_271]
	at sun.reflect.NativeMethodAccessorImpl.invoke(Unknown Source) ~[na:1.8.0_271]
	at sun.reflect.DelegatingMethodAccessorImpl.invoke(Unknown Source) ~[na:1.8.0_271]
	at java.lang.reflect.Method.invoke(Unknown Source) ~[na:1.8.0_271]
	at org.springframework.boot.loader.MainMethodRunner.run(MainMethodRunner.java:48) [Lavalink.jar:na]
	at org.springframework.boot.loader.Launcher.launch(Launcher.java:87) [Lavalink.jar:na]
	at org.springframework.boot.loader.Launcher.launch(Launcher.java:51) [Lavalink.jar:na]
	at org.springframework.boot.loader.JarLauncher.main(JarLauncher.java:52) [Lavalink.jar:na]

2021-01-04 11:48:01.083 ERROR 3816 --- [main] o.s.boot.SpringApplication               : Application run failed

java.lang.UnsupportedClassVersionError: lavalink/server/info/AppInfo has been compiled by a more recent version of the Java Runtime (class file version 55.0), this version of the Java Runtime only recognizes class file versions up to 52.0
	at java.lang.ClassLoader.defineClass1(Native Method) ~[na:1.8.0_271]
	at java.lang.ClassLoader.defineClass(Unknown Source) ~[na:1.8.0_271]
	at java.security.SecureClassLoader.defineClass(Unknown Source) ~[na:1.8.0_271]
	at java.net.URLClassLoader.defineClass(Unknown Source) ~[na:1.8.0_271]
	at java.net.URLClassLoader.access$100(Unknown Source) ~[na:1.8.0_271]
	at java.net.URLClassLoader$1.run(Unknown Source) ~[na:1.8.0_271]
	at java.net.URLClassLoader$1.run(Unknown Source) ~[na:1.8.0_271]
	at java.security.AccessController.doPrivileged(Native Method) ~[na:1.8.0_271]
	at java.net.URLClassLoader.findClass(Unknown Source) ~[na:1.8.0_271]
	at java.lang.ClassLoader.loadClass(Unknown Source) ~[na:1.8.0_271]
	at org.springframework.boot.loader.LaunchedURLClassLoader.loadClass(LaunchedURLClassLoader.java:93) ~[Lavalink.jar:na]
	at java.lang.ClassLoader.loadClass(Unknown Source) ~[na:1.8.0_271]
	at lavalink.server.Launcher.getVersionInfo(Launcher.kt:50) [classes!/:na]
	at lavalink.server.Launcher.getVersionInfo$default(Launcher.kt:49) [classes!/:na]
	at lavalink.server.Launcher$main$1.onApplicationEvent(Launcher.kt:118) ~[classes!/:na]
	at lavalink.server.Launcher$main$1.onApplicationEvent(Launcher.kt:43) ~[classes!/:na]
	at org.springframework.context.event.SimpleApplicationEventMulticaster.doInvokeListener(SimpleApplicationEventMulticaster.java:172) ~[spring-context-5.1.9.RELEASE.jar!/:5.1.9.RELEASE]
	at org.springframework.context.event.SimpleApplicationEventMulticaster.invokeListener(SimpleApplicationEventMulticaster.java:165) ~[spring-context-5.1.9.RELEASE.jar!/:5.1.9.RELEASE]
	at org.springframework.context.event.SimpleApplicationEventMulticaster.multicastEvent(SimpleApplicationEventMulticaster.java:139) ~[spring-context-5.1.9.RELEASE.jar!/:5.1.9.RELEASE]
	at org.springframework.context.event.SimpleApplicationEventMulticaster.multicastEvent(SimpleApplicationEventMulticaster.java:127) ~[spring-context-5.1.9.RELEASE.jar!/:5.1.9.RELEASE]
	at org.springframework.boot.context.event.EventPublishingRunListener.environmentPrepared(EventPublishingRunListener.java:76) ~[spring-boot-2.1.8.RELEASE.jar!/:2.1.8.RELEASE]
	at org.springframework.boot.SpringApplicationRunListeners.environmentPrepared(SpringApplicationRunListeners.java:53) ~[spring-boot-2.1.8.RELEASE.jar!/:2.1.8.RELEASE]
	at org.springframework.boot.SpringApplication.prepareEnvironment(SpringApplication.java:342) ~[spring-boot-2.1.8.RELEASE.jar!/:2.1.8.RELEASE]
	at org.springframework.boot.SpringApplication.run(SpringApplication.java:305) ~[spring-boot-2.1.8.RELEASE.jar!/:2.1.8.RELEASE]
	at lavalink.server.Launcher.main(Launcher.kt:127) [classes!/:na]
	at sun.reflect.NativeMethodAccessorImpl.invoke0(Native Method) ~[na:1.8.0_271]
	at sun.reflect.NativeMethodAccessorImpl.invoke(Unknown Source) ~[na:1.8.0_271]
	at sun.reflect.DelegatingMethodAccessorImpl.invoke(Unknown Source) ~[na:1.8.0_271]
	at java.lang.reflect.Method.invoke(Unknown Source) ~[na:1.8.0_271]
	at org.springframework.boot.loader.MainMethodRunner.run(MainMethodRunner.java:48) [Lavalink.jar:na]
	at org.springframework.boot.loader.Launcher.launch(Launcher.java:87) [Lavalink.jar:na]
	at org.springframework.boot.loader.Launcher.launch(Launcher.java:51) [Lavalink.jar:na]
	at org.springframework.boot.loader.JarLauncher.main(JarLauncher.java:52) [Lavalink.jar:na]

2021-01-04 11:49:41.584  WARN 22128 --- [background-preinit] o.s.h.c.j.Jackson2ObjectMapperBuilder    : For Jackson Kotlin classes support please add "com.fasterxml.jackson.module:jackson-module-kotlin" to the classpath
2021-01-04 11:49:41.599 ERROR 22128 --- [main] lavalink.server.Launcher                 : Application failed

java.lang.UnsupportedClassVersionError: lavalink/server/info/AppInfo has been compiled by a more recent version of the Java Runtime (class file version 55.0), this version of the Java Runtime only recognizes class file versions up to 52.0
	at java.lang.ClassLoader.defineClass1(Native Method) ~[na:1.8.0_271]
	at java.lang.ClassLoader.defineClass(Unknown Source) ~[na:1.8.0_271]
	at java.security.SecureClassLoader.defineClass(Unknown Source) ~[na:1.8.0_271]
	at java.net.URLClassLoader.defineClass(Unknown Source) ~[na:1.8.0_271]
	at java.net.URLClassLoader.access$100(Unknown Source) ~[na:1.8.0_271]
	at java.net.URLClassLoader$1.run(Unknown Source) ~[na:1.8.0_271]
	at java.net.URLClassLoader$1.run(Unknown Source) ~[na:1.8.0_271]
	at java.security.AccessController.doPrivileged(Native Method) ~[na:1.8.0_271]
	at java.net.URLClassLoader.findClass(Unknown Source) ~[na:1.8.0_271]
	at java.lang.ClassLoader.loadClass(Unknown Source) ~[na:1.8.0_271]
	at org.springframework.boot.loader.LaunchedURLClassLoader.loadClass(LaunchedURLClassLoader.java:93) ~[Lavalink.jar:na]
	at java.lang.ClassLoader.loadClass(Unknown Source) ~[na:1.8.0_271]
	at lavalink.server.Launcher.getVersionInfo(Launcher.kt:50) [classes!/:na]
	at lavalink.server.Launcher.getVersionInfo$default(Launcher.kt:49) [classes!/:na]
	at lavalink.server.Launcher$main$1.onApplicationEvent(Launcher.kt:118) ~[classes!/:na]
	at lavalink.server.Launcher$main$1.onApplicationEvent(Launcher.kt:43) ~[classes!/:na]
	at org.springframework.context.event.SimpleApplicationEventMulticaster.doInvokeListener(SimpleApplicationEventMulticaster.java:172) ~[spring-context-5.1.9.RELEASE.jar!/:5.1.9.RELEASE]
	at org.springframework.context.event.SimpleApplicationEventMulticaster.invokeListener(SimpleApplicationEventMulticaster.java:165) ~[spring-context-5.1.9.RELEASE.jar!/:5.1.9.RELEASE]
	at org.springframework.context.event.SimpleApplicationEventMulticaster.multicastEvent(SimpleApplicationEventMulticaster.java:139) ~[spring-context-5.1.9.RELEASE.jar!/:5.1.9.RELEASE]
	at org.springframework.context.event.SimpleApplicationEventMulticaster.multicastEvent(SimpleApplicationEventMulticaster.java:127) ~[spring-context-5.1.9.RELEASE.jar!/:5.1.9.RELEASE]
	at org.springframework.boot.context.event.EventPublishingRunListener.environmentPrepared(EventPublishingRunListener.java:76) ~[spring-boot-2.1.8.RELEASE.jar!/:2.1.8.RELEASE]
	at org.springframework.boot.SpringApplicationRunListeners.environmentPrepared(SpringApplicationRunListeners.java:53) ~[spring-boot-2.1.8.RELEASE.jar!/:2.1.8.RELEASE]
	at org.springframework.boot.SpringApplication.prepareEnvironment(SpringApplication.java:342) ~[spring-boot-2.1.8.RELEASE.jar!/:2.1.8.RELEASE]
	at org.springframework.boot.SpringApplication.run(SpringApplication.java:305) ~[spring-boot-2.1.8.RELEASE.jar!/:2.1.8.RELEASE]
	at lavalink.server.Launcher.main(Launcher.kt:127) [classes!/:na]
	at sun.reflect.NativeMethodAccessorImpl.invoke0(Native Method) ~[na:1.8.0_271]
	at sun.reflect.NativeMethodAccessorImpl.invoke(Unknown Source) ~[na:1.8.0_271]
	at sun.reflect.DelegatingMethodAccessorImpl.invoke(Unknown Source) ~[na:1.8.0_271]
	at java.lang.reflect.Method.invoke(Unknown Source) ~[na:1.8.0_271]
	at org.springframework.boot.loader.MainMethodRunner.run(MainMethodRunner.java:48) [Lavalink.jar:na]
	at org.springframework.boot.loader.Launcher.launch(Launcher.java:87) [Lavalink.jar:na]
	at org.springframework.boot.loader.Launcher.launch(Launcher.java:51) [Lavalink.jar:na]
	at org.springframework.boot.loader.JarLauncher.main(JarLauncher.java:52) [Lavalink.jar:na]

2021-01-04 11:49:41.601 ERROR 22128 --- [main] o.s.boot.SpringApplication               : Application run failed

java.lang.UnsupportedClassVersionError: lavalink/server/info/AppInfo has been compiled by a more recent version of the Java Runtime (class file version 55.0), this version of the Java Runtime only recognizes class file versions up to 52.0
	at java.lang.ClassLoader.defineClass1(Native Method) ~[na:1.8.0_271]
	at java.lang.ClassLoader.defineClass(Unknown Source) ~[na:1.8.0_271]
	at java.security.SecureClassLoader.defineClass(Unknown Source) ~[na:1.8.0_271]
	at java.net.URLClassLoader.defineClass(Unknown Source) ~[na:1.8.0_271]
	at java.net.URLClassLoader.access$100(Unknown Source) ~[na:1.8.0_271]
	at java.net.URLClassLoader$1.run(Unknown Source) ~[na:1.8.0_271]
	at java.net.URLClassLoader$1.run(Unknown Source) ~[na:1.8.0_271]
	at java.security.AccessController.doPrivileged(Native Method) ~[na:1.8.0_271]
	at java.net.URLClassLoader.findClass(Unknown Source) ~[na:1.8.0_271]
	at java.lang.ClassLoader.loadClass(Unknown Source) ~[na:1.8.0_271]
	at org.springframework.boot.loader.LaunchedURLClassLoader.loadClass(LaunchedURLClassLoader.java:93) ~[Lavalink.jar:na]
	at java.lang.ClassLoader.loadClass(Unknown Source) ~[na:1.8.0_271]
	at lavalink.server.Launcher.getVersionInfo(Launcher.kt:50) [classes!/:na]
	at lavalink.server.Launcher.getVersionInfo$default(Launcher.kt:49) [classes!/:na]
	at lavalink.server.Launcher$main$1.onApplicationEvent(Launcher.kt:118) ~[classes!/:na]
	at lavalink.server.Launcher$main$1.onApplicationEvent(Launcher.kt:43) ~[classes!/:na]
	at org.springframework.context.event.SimpleApplicationEventMulticaster.doInvokeListener(SimpleApplicationEventMulticaster.java:172) ~[spring-context-5.1.9.RELEASE.jar!/:5.1.9.RELEASE]
	at org.springframework.context.event.SimpleApplicationEventMulticaster.invokeListener(SimpleApplicationEventMulticaster.java:165) ~[spring-context-5.1.9.RELEASE.jar!/:5.1.9.RELEASE]
	at org.springframework.context.event.SimpleApplicationEventMulticaster.multicastEvent(SimpleApplicationEventMulticaster.java:139) ~[spring-context-5.1.9.RELEASE.jar!/:5.1.9.RELEASE]
	at org.springframework.context.event.SimpleApplicationEventMulticaster.multicastEvent(SimpleApplicationEventMulticaster.java:127) ~[spring-context-5.1.9.RELEASE.jar!/:5.1.9.RELEASE]
	at org.springframework.boot.context.event.EventPublishingRunListener.environmentPrepared(EventPublishingRunListener.java:76) ~[spring-boot-2.1.8.RELEASE.jar!/:2.1.8.RELEASE]
	at org.springframework.boot.SpringApplicationRunListeners.environmentPrepared(SpringApplicationRunListeners.java:53) ~[spring-boot-2.1.8.RELEASE.jar!/:2.1.8.RELEASE]
	at org.springframework.boot.SpringApplication.prepareEnvironment(SpringApplication.java:342) ~[spring-boot-2.1.8.RELEASE.jar!/:2.1.8.RELEASE]
	at org.springframework.boot.SpringApplication.run(SpringApplication.java:305) ~[spring-boot-2.1.8.RELEASE.jar!/:2.1.8.RELEASE]
	at lavalink.server.Launcher.main(Launcher.kt:127) [classes!/:na]
	at sun.reflect.NativeMethodAccessorImpl.invoke0(Native Method) ~[na:1.8.0_271]
	at sun.reflect.NativeMethodAccessorImpl.invoke(Unknown Source) ~[na:1.8.0_271]
	at sun.reflect.DelegatingMethodAccessorImpl.invoke(Unknown Source) ~[na:1.8.0_271]
	at java.lang.reflect.Method.invoke(Unknown Source) ~[na:1.8.0_271]
	at org.springframework.boot.loader.MainMethodRunner.run(MainMethodRunner.java:48) [Lavalink.jar:na]
	at org.springframework.boot.loader.Launcher.launch(Launcher.java:87) [Lavalink.jar:na]
	at org.springframework.boot.loader.Launcher.launch(Launcher.java:51) [Lavalink.jar:na]
	at org.springframework.boot.loader.JarLauncher.main(JarLauncher.java:52) [Lavalink.jar:na]

2021-01-04 11:54:36.130  INFO 25260 --- [main] lavalink.server.Launcher                 : 

[32m       .  [31m _                  _ _       _    [32m__ _ _
[32m      /\\ [31m| | __ ___   ____ _| (_)_ __ | | __[32m\ \ \ \
[32m     ( ( )[31m| |/ _` \ \ / / _` | | | '_ \| |/ /[32m \ \ \ \
[32m      \\/ [31m| | (_| |\ V / (_| | | | | | |   < [32m  ) ) ) )
[32m       '  [31m|_|\__,_| \_/ \__,_|_|_|_| |_|_|\_\[32m / / / /
[0m    =========================================[32m/_/_/_/[0m

	Version:        c2ba897cbc94a83e9faab70241ef3439d6b53259-SNAPSHOT
	Build:          1182
	Build time:     30.12.2020 14:11:35 UTC
	Branch          master
	Commit:         c2ba897
	Commit time:    30.12.2020 14:09:20 UTC
	JVM:            11.0.9
	Lavaplayer      1.3.65

2021-01-04 11:54:36.238  INFO 25260 --- [main] lavalink.server.Launcher                 : Starting Launcher on JJ-PC with PID 25260 (D:\Libraries\Google Drive\Projects\Buddy\Bot\Buddy\lavalink\Lavalink.jar started by JJ-PC in D:\Libraries\Google Drive\Projects\Buddy\Bot\Buddy\lavalink)
2021-01-04 11:54:36.238  INFO 25260 --- [main] lavalink.server.Launcher                 : No active profile set, falling back to default profiles: default
2021-01-04 11:54:36.281  WARN 25260 --- [background-preinit] o.s.h.c.j.Jackson2ObjectMapperBuilder    : For Jackson Kotlin classes support please add "com.fasterxml.jackson.module:jackson-module-kotlin" to the classpath
2021-01-04 11:54:37.114  WARN 25260 --- [main] io.undertow.websockets.jsr               : UT026010: Buffer pool was not set on WebSocketDeploymentInfo, the default pool will be used
2021-01-04 11:54:37.136  INFO 25260 --- [main] io.undertow.servlet                      : Initializing Spring embedded WebApplicationContext
2021-01-04 11:54:37.137  INFO 25260 --- [main] o.s.web.context.ContextLoader            : Root WebApplicationContext: initialization completed in 866 ms
2021-01-04 11:54:37.392  WARN 25260 --- [main] l.server.config.SentryConfiguration      : Turning off sentry
2021-01-04 11:54:37.596  INFO 25260 --- [main] c.s.d.l.tools.GarbageCollectionMonitor   : GC monitoring enabled, reporting results every 2 minutes.
2021-01-04 11:54:37.721  INFO 25260 --- [main] lavalink.server.config.KoeConfiguration  : OS: Windows 10, Arch: amd64
2021-01-04 11:54:37.722  WARN 25260 --- [main] lavalink.server.config.KoeConfiguration  : This system and architecture appears to not support native audio sending! GC pauses may cause your bot to stutter during playback.
2021-01-04 11:54:37.884  INFO 25260 --- [main] o.s.s.concurrent.ThreadPoolTaskExecutor  : Initializing ExecutorService 'applicationTaskExecutor'
2021-01-04 11:54:38.074  INFO 25260 --- [main] org.xnio                                 : XNIO version 3.3.8.Final
2021-01-04 11:54:38.082  INFO 25260 --- [main] org.xnio.nio                             : XNIO NIO Implementation Version 3.3.8.Final
2021-01-04 11:54:38.121  INFO 25260 --- [main] o.s.b.w.e.u.UndertowServletWebServer     : Undertow started on port(s) 2333 (http) with context path ''
2021-01-04 11:54:38.125  INFO 25260 --- [main] lavalink.server.Launcher                 : Started Launcher in 2.393 seconds (JVM running for 2.813)
2021-01-04 11:54:38.127  INFO 25260 --- [main] lavalink.server.Launcher                 : You can safely ignore the big red warning about illegal reflection. See https://github.com/Frederikam/Lavalink/issues/295
2021-01-04 11:54:46.375  INFO 25260 --- [Thread-1] o.s.s.concurrent.ThreadPoolTaskExecutor  : Shutting down ExecutorService 'applicationTaskExecutor'
2021-01-04 11:54:46.376  INFO 25260 --- [Thread-1] c.s.d.l.tools.GarbageCollectionMonitor   : GC monitoring disabled.
2021-01-04 11:55:14.919  INFO 22492 --- [main] lavalink.server.Launcher                 : 

[32m       .  [31m _                  _ _       _    [32m__ _ _
[32m      /\\ [31m| | __ ___   ____ _| (_)_ __ | | __[32m\ \ \ \
[32m     ( ( )[31m| |/ _` \ \ / / _` | | | '_ \| |/ /[32m \ \ \ \
[32m      \\/ [31m| | (_| |\ V / (_| | | | | | |   < [32m  ) ) ) )
[32m       '  [31m|_|\__,_| \_/ \__,_|_|_|_| |_|_|\_\[32m / / / /
[0m    =========================================[32m/_/_/_/[0m

	Version:        c2ba897cbc94a83e9faab70241ef3439d6b53259-SNAPSHOT
	Build:          1182
	Build time:     30.12.2020 14:11:35 UTC
	Branch          master
	Commit:         c2ba897
	Commit time:    30.12.2020 14:09:20 UTC
	JVM:            11.0.9
	Lavaplayer      1.3.65

2021-01-04 11:55:15.000  INFO 22492 --- [main] lavalink.server.Launcher                 : Starting Launcher on JJ-PC with PID 22492 (D:\Libraries\Google Drive\Projects\Buddy\Bot\Buddy\lavalink\Lavalink.jar started by JJ-PC in D:\Libraries\Google Drive\Projects\Buddy\Bot\Buddy\lavalink)
2021-01-04 11:55:15.000  INFO 22492 --- [main] lavalink.server.Launcher                 : No active profile set, falling back to default profiles: default
2021-01-04 11:55:15.070  WARN 22492 --- [background-preinit] o.s.h.c.j.Jackson2ObjectMapperBuilder    : For Jackson Kotlin classes support please add "com.fasterxml.jackson.module:jackson-module-kotlin" to the classpath
2021-01-04 11:55:15.885  WARN 22492 --- [main] io.undertow.websockets.jsr               : UT026010: Buffer pool was not set on WebSocketDeploymentInfo, the default pool will be used
2021-01-04 11:55:15.902  INFO 22492 --- [main] io.undertow.servlet                      : Initializing Spring embedded WebApplicationContext
2021-01-04 11:55:15.903  INFO 22492 --- [main] o.s.web.context.ContextLoader            : Root WebApplicationContext: initialization completed in 871 ms
2021-01-04 11:55:16.199  WARN 22492 --- [main] l.server.config.SentryConfiguration      : Turning off sentry
2021-01-04 11:55:16.427  INFO 22492 --- [main] c.s.d.l.tools.GarbageCollectionMonitor   : GC monitoring enabled, reporting results every 2 minutes.
2021-01-04 11:55:16.560  INFO 22492 --- [main] lavalink.server.config.KoeConfiguration  : OS: Windows 10, Arch: amd64
2021-01-04 11:55:16.561  WARN 22492 --- [main] lavalink.server.config.KoeConfiguration  : This system and architecture appears to not support native audio sending! GC pauses may cause your bot to stutter during playback.
2021-01-04 11:55:16.727  INFO 22492 --- [main] o.s.s.concurrent.ThreadPoolTaskExecutor  : Initializing ExecutorService 'applicationTaskExecutor'
2021-01-04 11:55:16.914  INFO 22492 --- [main] org.xnio                                 : XNIO version 3.3.8.Final
2021-01-04 11:55:16.924  INFO 22492 --- [main] org.xnio.nio                             : XNIO NIO Implementation Version 3.3.8.Final
2021-01-04 11:55:16.971  INFO 22492 --- [main] o.s.b.w.e.u.UndertowServletWebServer     : Undertow started on port(s) 2333 (http) with context path ''
2021-01-04 11:55:16.975  INFO 22492 --- [main] lavalink.server.Launcher                 : Started Launcher in 2.418 seconds (JVM running for 2.827)
2021-01-04 11:55:16.976  INFO 22492 --- [main] lavalink.server.Launcher                 : You can safely ignore the big red warning about illegal reflection. See https://github.com/Frederikam/Lavalink/issues/295
2021-01-04 11:55:50.268  INFO 22492 --- [XNIO-1 task-1] io.undertow.servlet                      : Initializing Spring DispatcherServlet 'dispatcherServlet'
2021-01-04 11:55:50.269  INFO 22492 --- [XNIO-1 task-1] o.s.web.servlet.DispatcherServlet        : Initializing Servlet 'dispatcherServlet'
2021-01-04 11:55:50.274  INFO 22492 --- [XNIO-1 task-1] o.s.web.servlet.DispatcherServlet        : Completed initialization in 5 ms
2021-01-04 11:55:50.290  INFO 22492 --- [XNIO-1 task-1] l.server.io.HandshakeInterceptorImpl     : Incoming connection from /127.0.0.1:53989
2021-01-04 11:55:50.318  INFO 22492 --- [XNIO-1 task-2] l.server.io.HandshakeInterceptorImpl     : Incoming connection from /127.0.0.1:53990
2021-01-04 11:55:50.338  INFO 22492 --- [XNIO-1 task-2] lavalink.server.io.SocketServer          : Connection successfully established from /127.0.0.1:53990
2021-01-04 11:55:50.338  INFO 22492 --- [XNIO-1 task-1] lavalink.server.io.SocketServer          : Connection successfully established from /127.0.0.1:53989
2021-01-04 11:56:04.168  INFO 22492 --- [XNIO-1 I/O-2] lavalink.server.io.SocketServer          : {"op":"volume","guildId":"588732375035281413","volume":100}
2021-01-04 11:56:38.822  INFO 22492 --- [XNIO-1 I/O-2] lavalink.server.io.SocketServer          : Connection closed from /127.0.0.1:53990 -- CloseStatus[code=1006, reason=]
2021-01-04 11:56:38.822  INFO 22492 --- [XNIO-1 I/O-1] lavalink.server.io.SocketServer          : Connection closed from /127.0.0.1:53989 -- CloseStatus[code=1006, reason=]
2021-01-04 11:56:38.823  INFO 22492 --- [XNIO-1 I/O-2] lavalink.server.io.SocketContext         : Shutting down 0 playing players.
2021-01-04 11:56:38.823  INFO 22492 --- [XNIO-1 I/O-1] lavalink.server.io.SocketContext         : Shutting down 0 playing players.
2021-01-04 11:56:44.589  INFO 22492 --- [XNIO-1 task-3] l.server.io.HandshakeInterceptorImpl     : Incoming connection from /127.0.0.1:54003
2021-01-04 11:56:44.592  INFO 22492 --- [XNIO-1 task-3] lavalink.server.io.SocketServer          : Connection successfully established from /127.0.0.1:54003
2021-01-04 11:56:44.594  INFO 22492 --- [XNIO-1 task-4] l.server.io.HandshakeInterceptorImpl     : Incoming connection from /127.0.0.1:54004
2021-01-04 11:56:44.596  INFO 22492 --- [XNIO-1 task-4] lavalink.server.io.SocketServer          : Connection successfully established from /127.0.0.1:54004
2021-01-04 11:56:48.931  INFO 22492 --- [XNIO-1 I/O-4] lavalink.server.io.SocketServer          : {"op":"volume","guildId":"588732375035281413","volume":100}
2021-01-04 11:56:48.954  INFO 22492 --- [XNIO-1 task-5] l.server.player.AudioLoaderRestHandler   : Got request to load for identifier "ytsearch:birthday suit"
2021-01-04 11:56:50.967  INFO 22492 --- [lava-daemon-pool-info-loader-2-thread-1] lavalink.server.player.AudioLoader       : Loaded playlist Search results for: birthday suit
2021-01-04 11:57:20.989  INFO 22492 --- [XNIO-1 I/O-4] lavalink.server.io.SocketServer          : {"op":"destroy","guildId":"588732375035281413"}
2021-01-04 11:57:44.469  INFO 22492 --- [XNIO-1 I/O-4] lavalink.server.io.SocketServer          : Connection closed from /127.0.0.1:54004 -- CloseStatus[code=1006, reason=]
2021-01-04 11:57:44.469  INFO 22492 --- [XNIO-1 I/O-3] lavalink.server.io.SocketServer          : Connection closed from /127.0.0.1:54003 -- CloseStatus[code=1006, reason=]
2021-01-04 11:57:44.470  INFO 22492 --- [XNIO-1 I/O-4] lavalink.server.io.SocketContext         : Shutting down 0 playing players.
2021-01-04 11:57:44.470  INFO 22492 --- [XNIO-1 I/O-3] lavalink.server.io.SocketContext         : Shutting down 0 playing players.
2021-01-04 11:57:52.625  INFO 22492 --- [XNIO-1 task-7] l.server.io.HandshakeInterceptorImpl     : Incoming connection from /127.0.0.1:54038
2021-01-04 11:57:52.628  INFO 22492 --- [XNIO-1 task-7] lavalink.server.io.SocketServer          : Connection successfully established from /127.0.0.1:54038
2021-01-04 11:57:52.630  INFO 22492 --- [XNIO-1 task-8] l.server.io.HandshakeInterceptorImpl     : Incoming connection from /127.0.0.1:54039
2021-01-04 11:57:52.632  INFO 22492 --- [XNIO-1 task-8] lavalink.server.io.SocketServer          : Connection successfully established from /127.0.0.1:54039
2021-01-04 11:57:56.203  INFO 22492 --- [XNIO-1 I/O-3] lavalink.server.io.SocketServer          : {"op":"volume","guildId":"588732375035281413","volume":100}
2021-01-04 11:57:56.208  INFO 22492 --- [XNIO-1 task-9] l.server.player.AudioLoaderRestHandler   : Got request to load for identifier "ytsearch:birthday suit"
2021-01-04 11:57:56.852  INFO 22492 --- [lava-daemon-pool-info-loader-2-thread-1] lavalink.server.player.AudioLoader       : Loaded playlist Search results for: birthday suit
2021-01-04 11:58:09.961  INFO 22492 --- [XNIO-1 I/O-2] lavalink.server.io.SocketServer          : Connection closed from /127.0.0.1:54038 -- CloseStatus[code=1006, reason=]
2021-01-04 11:58:09.961  INFO 22492 --- [XNIO-1 I/O-3] lavalink.server.io.SocketServer          : Connection closed from /127.0.0.1:54039 -- CloseStatus[code=1006, reason=]
2021-01-04 11:58:09.962  INFO 22492 --- [XNIO-1 I/O-2] lavalink.server.io.SocketContext         : Shutting down 0 playing players.
2021-01-04 11:58:09.966  INFO 22492 --- [XNIO-1 I/O-3] lavalink.server.io.SocketContext         : Shutting down 0 playing players.
2021-01-04 12:00:58.012  INFO 22492 --- [XNIO-1 task-11] l.server.io.HandshakeInterceptorImpl     : Incoming connection from /127.0.0.1:54138
2021-01-04 12:00:58.016  INFO 22492 --- [XNIO-1 task-11] lavalink.server.io.SocketServer          : Connection successfully established from /127.0.0.1:54138
2021-01-04 12:00:58.020  INFO 22492 --- [XNIO-1 task-12] l.server.io.HandshakeInterceptorImpl     : Incoming connection from /127.0.0.1:54139
2021-01-04 12:00:58.022  INFO 22492 --- [XNIO-1 task-12] lavalink.server.io.SocketServer          : Connection successfully established from /127.0.0.1:54139
2021-01-04 12:01:03.016  INFO 22492 --- [XNIO-1 I/O-7] lavalink.server.io.SocketServer          : {"op":"volume","guildId":"588732375035281413","volume":100}
2021-01-04 12:01:03.020  INFO 22492 --- [XNIO-1 task-13] l.server.player.AudioLoaderRestHandler   : Got request to load for identifier "ytsearch:birthday suit"
2021-01-04 12:01:03.645  INFO 22492 --- [lava-daemon-pool-info-loader-2-thread-1] lavalink.server.player.AudioLoader       : Loaded playlist Search results for: birthday suit
2021-01-04 12:01:33.655  INFO 22492 --- [XNIO-1 I/O-7] lavalink.server.io.SocketServer          : {"op":"destroy","guildId":"588732375035281413"}
2021-01-04 12:01:49.842  INFO 22492 --- [XNIO-1 I/O-7] lavalink.server.io.SocketServer          : Connection closed from /127.0.0.1:54139 -- CloseStatus[code=1006, reason=]
2021-01-04 12:01:49.842  INFO 22492 --- [XNIO-1 I/O-6] lavalink.server.io.SocketServer          : Connection closed from /127.0.0.1:54138 -- CloseStatus[code=1006, reason=]
2021-01-04 12:01:49.842  INFO 22492 --- [XNIO-1 I/O-7] lavalink.server.io.SocketContext         : Shutting down 0 playing players.
2021-01-04 12:01:49.846  INFO 22492 --- [XNIO-1 I/O-6] lavalink.server.io.SocketContext         : Shutting down 0 playing players.
2021-01-04 12:01:54.365  INFO 22492 --- [XNIO-1 task-15] l.server.io.HandshakeInterceptorImpl     : Incoming connection from /127.0.0.1:54165
2021-01-04 12:01:54.369  INFO 22492 --- [XNIO-1 task-15] lavalink.server.io.SocketServer          : Connection successfully established from /127.0.0.1:54165
2021-01-04 12:01:54.372  INFO 22492 --- [XNIO-1 task-16] l.server.io.HandshakeInterceptorImpl     : Incoming connection from /127.0.0.1:54166
2021-01-04 12:01:54.374  INFO 22492 --- [XNIO-1 task-16] lavalink.server.io.SocketServer          : Connection successfully established from /127.0.0.1:54166
2021-01-04 12:01:58.467  INFO 22492 --- [XNIO-1 I/O-10] lavalink.server.io.SocketServer          : {"op":"volume","guildId":"588732375035281413","volume":100}
2021-01-04 12:01:58.472  INFO 22492 --- [XNIO-1 task-17] l.server.player.AudioLoaderRestHandler   : Got request to load for identifier "https://www.youtube.com/watch?v=Kd3pjPEfzQM"
2021-01-04 12:01:59.051  INFO 22492 --- [lava-daemon-pool-info-loader-2-thread-1] lavalink.server.player.AudioLoader       : Loaded track ?Epic NCS: Top 50 Songs ? Best NCS Gaming Music Mix ? Most Popular - Most Viewed ? Best Of EDM 2020
2021-01-04 12:01:59.058  INFO 22492 --- [XNIO-1 I/O-10] lavalink.server.io.SocketServer          : {"op":"play","guildId":"588732375035281413","track":"QAAA3QIAbu2gve20pUVwaWMgTkNTOiBUb3AgNTAgU29uZ3Mg4pmrIEJlc3QgTkNTIEdhbWluZyBNdXNpYyBNaXgg4pmrIE1vc3QgUG9wdWxhciAtIE1vc3QgVmlld2VkIOKZqyBCZXN0IE9mIEVETSAyMDIwABVGcmVlbWUgQWRkaWN0ZWQgTXVzaWMAAAAAAKTLgAALS2QzcGpQRWZ6UU0AAQAraHR0cHM6Ly93d3cueW91dHViZS5jb20vd2F0Y2g/dj1LZDNwalBFZnpRTQAHeW91dHViZQAAAAAAAAAA"}
2021-01-04 12:03:06.423  INFO 22492 --- [XNIO-1 I/O-10] lavalink.server.io.SocketServer          : {"op":"destroy","guildId":"588732375035281413"}
2021-01-04 12:05:02.818  INFO 22492 --- [XNIO-1 I/O-9] lavalink.server.io.SocketServer          : Connection closed from /127.0.0.1:54165 -- CloseStatus[code=1006, reason=]
2021-01-04 12:05:02.819  INFO 22492 --- [XNIO-1 I/O-9] lavalink.server.io.SocketContext         : Shutting down 0 playing players.
2021-01-04 12:05:02.821  INFO 22492 --- [XNIO-1 I/O-10] lavalink.server.io.SocketServer          : Connection closed from /127.0.0.1:54166 -- CloseStatus[code=1006, reason=]
2021-01-04 12:05:02.824  INFO 22492 --- [XNIO-1 I/O-10] lavalink.server.io.SocketContext         : Shutting down 0 playing players.
2021-01-04 12:05:07.143  INFO 22492 --- [XNIO-1 task-19] l.server.io.HandshakeInterceptorImpl     : Incoming connection from /127.0.0.1:54231
2021-01-04 12:05:07.146  INFO 22492 --- [XNIO-1 task-19] lavalink.server.io.SocketServer          : Connection successfully established from /127.0.0.1:54231
2021-01-04 12:05:07.148  INFO 22492 --- [XNIO-1 task-20] l.server.io.HandshakeInterceptorImpl     : Incoming connection from /127.0.0.1:54232
2021-01-04 12:05:07.151  INFO 22492 --- [XNIO-1 task-20] lavalink.server.io.SocketServer          : Connection successfully established from /127.0.0.1:54232
2021-01-04 12:05:15.660  INFO 22492 --- [XNIO-1 I/O-4] lavalink.server.io.SocketServer          : {"op":"volume","guildId":"588732375035281413","volume":100}
2021-01-04 12:05:15.666  INFO 22492 --- [XNIO-1 task-21] l.server.player.AudioLoaderRestHandler   : Got request to load for identifier "https://www.youtube.com/watch?v=Kd3pjPEfzQM"
2021-01-04 12:05:16.518  INFO 22492 --- [lava-daemon-pool-info-loader-2-thread-1] lavalink.server.player.AudioLoader       : Loaded track ?Epic NCS: Top 50 Songs ? Best NCS Gaming Music Mix ? Most Popular - Most Viewed ? Best Of EDM 2020
2021-01-04 12:05:16.522  INFO 22492 --- [XNIO-1 I/O-4] lavalink.server.io.SocketServer          : {"op":"play","guildId":"588732375035281413","track":"QAAA3QIAbu2gve20pUVwaWMgTkNTOiBUb3AgNTAgU29uZ3Mg4pmrIEJlc3QgTkNTIEdhbWluZyBNdXNpYyBNaXgg4pmrIE1vc3QgUG9wdWxhciAtIE1vc3QgVmlld2VkIOKZqyBCZXN0IE9mIEVETSAyMDIwABVGcmVlbWUgQWRkaWN0ZWQgTXVzaWMAAAAAAKTLgAALS2QzcGpQRWZ6UU0AAQAraHR0cHM6Ly93d3cueW91dHViZS5jb20vd2F0Y2g/dj1LZDNwalBFZnpRTQAHeW91dHViZQAAAAAAAAAA"}
2021-01-04 12:06:26.422  INFO 22492 --- [XNIO-1 I/O-4] lavalink.server.io.SocketServer          : {"op":"destroy","guildId":"588732375035281413"}
2021-01-04 12:08:43.668  INFO 22492 --- [XNIO-1 I/O-4] lavalink.server.io.SocketServer          : Connection closed from /127.0.0.1:54232 -- CloseStatus[code=1006, reason=]
2021-01-04 12:08:43.669  INFO 22492 --- [XNIO-1 I/O-4] lavalink.server.io.SocketContext         : Shutting down 0 playing players.
2021-01-04 12:08:43.673  INFO 22492 --- [XNIO-1 I/O-3] lavalink.server.io.SocketServer          : Connection closed from /127.0.0.1:54231 -- CloseStatus[code=1006, reason=]
2021-01-04 12:08:43.674  INFO 22492 --- [XNIO-1 I/O-3] lavalink.server.io.SocketContext         : Shutting down 0 playing players.
2021-01-04 12:13:01.320  INFO 22492 --- [XNIO-1 task-23] l.server.io.HandshakeInterceptorImpl     : Incoming connection from /127.0.0.1:54396
2021-01-04 12:13:01.323  INFO 22492 --- [XNIO-1 task-23] lavalink.server.io.SocketServer          : Connection successfully established from /127.0.0.1:54396
2021-01-04 12:13:01.326  INFO 22492 --- [XNIO-1 task-24] l.server.io.HandshakeInterceptorImpl     : Incoming connection from /127.0.0.1:54397
2021-01-04 12:13:01.328  INFO 22492 --- [XNIO-1 task-24] lavalink.server.io.SocketServer          : Connection successfully established from /127.0.0.1:54397
2021-01-04 12:13:12.129  INFO 22492 --- [XNIO-1 I/O-1] lavalink.server.io.SocketServer          : {"op":"volume","guildId":"588732375035281413","volume":100}
2021-01-04 12:13:12.133  INFO 22492 --- [XNIO-1 task-25] l.server.player.AudioLoaderRestHandler   : Got request to load for identifier "https://www.youtube.com/watch?v=Kd3pjPEfzQM"
2021-01-04 12:13:12.702  INFO 22492 --- [lava-daemon-pool-info-loader-2-thread-1] lavalink.server.player.AudioLoader       : Loaded track ?Epic NCS: Top 50 Songs ? Best NCS Gaming Music Mix ? Most Popular - Most Viewed ? Best Of EDM 2020
2021-01-04 12:13:12.708  INFO 22492 --- [XNIO-1 I/O-1] lavalink.server.io.SocketServer          : {"op":"play","guildId":"588732375035281413","track":"QAAA3QIAbu2gve20pUVwaWMgTkNTOiBUb3AgNTAgU29uZ3Mg4pmrIEJlc3QgTkNTIEdhbWluZyBNdXNpYyBNaXgg4pmrIE1vc3QgUG9wdWxhciAtIE1vc3QgVmlld2VkIOKZqyBCZXN0IE9mIEVETSAyMDIwABVGcmVlbWUgQWRkaWN0ZWQgTXVzaWMAAAAAAKTLgAALS2QzcGpQRWZ6UU0AAQAraHR0cHM6Ly93d3cueW91dHViZS5jb20vd2F0Y2g/dj1LZDNwalBFZnpRTQAHeW91dHViZQAAAAAAAAAA"}
2021-01-04 12:13:27.868  INFO 22492 --- [XNIO-1 I/O-1] lavalink.server.io.SocketServer          : Connection closed from /127.0.0.1:54397 -- CloseStatus[code=1006, reason=]
2021-01-04 12:13:27.868  INFO 22492 --- [XNIO-1 I/O-12] lavalink.server.io.SocketServer          : Connection closed from /127.0.0.1:54396 -- CloseStatus[code=1006, reason=]
2021-01-04 12:13:27.869  INFO 22492 --- [XNIO-1 I/O-1] lavalink.server.io.SocketContext         : Shutting down 1 playing players.
2021-01-04 12:13:27.872  INFO 22492 --- [XNIO-1 I/O-12] lavalink.server.io.SocketContext         : Shutting down 0 playing players.
2021-01-04 12:14:41.643  INFO 22492 --- [Thread-1] o.s.s.concurrent.ThreadPoolTaskExecutor  : Shutting down ExecutorService 'applicationTaskExecutor'
2021-01-04 12:14:41.644  INFO 22492 --- [Thread-1] c.s.d.l.tools.GarbageCollectionMonitor   : GC monitoring disabled.
2021-01-04 12:14:41.652  INFO 22492 --- [Thread-1] io.undertow.servlet                      : Destroying Spring FrameworkServlet 'dispatcherServlet'
